c:\projects\cephalopod\x64\release\cephalopod.ipdb
c:\projects\cephalopod\x64\release\cephalopod.iobj
c:\projects\cephalopod\x64\release\vc141.pdb
c:\projects\cephalopod\x64\release\player.obj
c:\projects\cephalopod\x64\release\main.obj
c:\projects\cephalopod\x64\release\humanplayer.obj
c:\projects\cephalopod\x64\release\board.obj
c:\projects\cephalopod\x64\release\die.obj
c:\projects\cephalopod\x64\release\viewer.obj
c:\projects\cephalopod\x64\release\model.obj
c:\projects\cephalopod\x64\release\controller.obj
c:\projects\cephalopod\x64\release\cell.obj
c:\projects\cephalopod\x64\release\cephalopod.pdb
c:\projects\cephalopod\x64\release\cephalopod.tlog\cephalopod.write.1u.tlog
c:\projects\cephalopod\x64\release\cephalopod.tlog\cl.command.1.tlog
c:\projects\cephalopod\x64\release\cephalopod.tlog\cl.read.1.tlog
c:\projects\cephalopod\x64\release\cephalopod.tlog\cl.write.1.tlog
c:\projects\cephalopod\x64\release\cephalopod.tlog\link.command.1.tlog
c:\projects\cephalopod\x64\release\cephalopod.tlog\link.read.1.tlog
c:\projects\cephalopod\x64\release\cephalopod.tlog\link.write.1.tlog
