  BoardModel.cpp
  BoardViewer.cpp
  Cell.cpp
  EasyComputer.cpp
  GameController.cpp
c:\projects\cephalopod\gamecontroller.cpp(28): warning C4244: 'argument': conversion from 'time_t' to 'unsigned int', possible loss of data
  HardComputer.cpp
c:\projects\cephalopod\hardcomputer.cpp(148): warning C4244: 'initializing': conversion from 'int' to 'float', possible loss of data
c:\projects\cephalopod\hardcomputer.cpp(149): warning C4244: 'initializing': conversion from 'int' to 'float', possible loss of data
  Helpers.cpp
  HumanPlayer.cpp
  Player.cpp
  Position.cpp
  main.cpp
  Generating code
  133 of 1218 functions (10.9%) were compiled, the rest were copied from previous compilation.
    122 functions were new in current compilation
    21 functions had inline decision re-evaluated but remain unchanged
  Finished generating code
  cephalopod.vcxproj -> C:\projects\cephalopod\x64\Release\cephalopod.exe
